info: cargo-llvm-cov currently setting cfg(coverage); you can opt-out it by passing --no-cfg-coverage
   Compiling mm-staking v0.1.0 (/home/ubuntu/mm-staking/programs/mm-staking)
    Finished `test` profile [unoptimized + debuginfo] target(s) in 1.78s
     Running unittests src/lib.rs (target/llvm-cov-target/debug/deps/mm_staking-6a6408abf26d429c)

running 94 tests
test logic::tests::add_reward_all_slots_full_returns_slots_full ... ok
test logic::tests::add_reward_duplicate_mint_returns_already_exists ... ok
test logic::tests::add_reward_fills_all_8_slots_sequentially ... ok
test logic::tests::add_reward_negative_duration_arg_uses_pool_default ... ok
test logic::tests::add_reward_success_slot0_uses_positive_duration_arg ... ok
test logic::tests::add_reward_zero_duration_arg_uses_pool_default ... ok
test logic::tests::claim_settle_all_accrues_rewards ... ok
test logic::tests::claim_settle_all_advances_rpt_even_after_period_finish ... ok
test logic::tests::claim_settle_all_ok_with_no_rewards ... ok
test logic::tests::claim_take_slot_matches_slot7 ... ok
test logic::tests::claim_take_slot_non_matching_vault_returns_vault_mismatch ... ok
test logic::tests::claim_take_slot_returns_idx_and_amount_then_zeroes ... ok
test logic::tests::add_reward_reward_count_overflow ... ok
test logic::tests::claim_take_slot_zero_accrued_returns_zero ... ok
test logic::tests::deposit_rewards_inactive_slot_returns_reward_inactive ... ok
test logic::tests::deposit_rewards_notify_rate_error_propagates ... ok
test logic::tests::deposit_rewards_period_finish_overflow_returns_math_overflow ... ok
test logic::tests::deposit_rewards_success_sets_rate_and_finish ... ok
test logic::tests::deposit_rewards_unregistered_mint_returns_not_found ... ok
test logic::tests::emergency_withdraw_returns_staked_amount_and_zeroes_state ... ok
test logic::tests::emergency_withdraw_saturating_sub_does_not_underflow ... ok
test logic::tests::emergency_withdraw_syncs_all_reward_slots ... ok
test logic::tests::emergency_withdraw_zero_stake_returns_zero ... ok
test logic::tests::full_stake_reward_claim_flow ... ok
test logic::tests::init_pool_rejects_negative_duration ... ok
test logic::tests::init_pool_rejects_zero_duration ... ok
test logic::tests::init_pool_success_sets_all_fields ... ok
test logic::tests::set_admin_updates_field ... ok
test logic::tests::set_duration_empty_slot_returns_not_found ... ok
test logic::tests::set_duration_negative_duration_returns_invalid_duration ... ok
test logic::tests::set_duration_out_of_range_slot_returns_not_found ... ok
test logic::tests::set_duration_slot7_works ... ok
test logic::tests::set_duration_success_updates_slot_duration ... ok
test logic::tests::set_duration_zero_duration_returns_invalid_duration ... ok
test logic::tests::set_keeper_authority_updates_field ... ok
test logic::tests::set_paused_false_sets_paused_to_0 ... ok
test logic::tests::set_paused_true_sets_paused_to_1 ... ok
test logic::tests::set_reward_active_deactivates_slot ... ok
test logic::tests::set_reward_active_empty_slot_returns_not_found ... ok
test logic::tests::set_reward_active_out_of_range_slot_returns_not_found ... ok
test logic::tests::set_reward_active_reactivates_slot ... ok
test logic::tests::set_reward_active_slot7_works ... ok
test logic::tests::stake_paused_pool_returns_paused ... ok
test logic::tests::stake_second_use_skips_init_branch ... ok
test logic::tests::stake_staked_amount_overflow_returns_math_overflow ... ok
test logic::tests::stake_success_first_use_initialises_staker ... ok
test logic::tests::stake_total_staked_overflow_returns_math_overflow ... ok
test logic::tests::stake_zero_amount_returns_zero_amount ... ok
test logic::tests::unstake_allowed_when_pool_paused ... ok
test logic::tests::unstake_full_amount_zeroes_staked ... ok
test logic::tests::unstake_more_than_staked_returns_insufficient_stake ... ok
test logic::tests::unstake_success_decrements_amounts ... ok
test logic::tests::unstake_zero_amount_returns_zero_amount ... ok
test math::tests::accrue_rpt_errors_on_add_overflow ... ok
test math::tests::accrue_rpt_errors_on_mul_overflow ... ok
test math::tests::accrue_rpt_no_op_when_elapsed_negative ... ok
test math::tests::accrue_rpt_no_op_when_elapsed_zero ... ok
test math::tests::compute_reward_rate_rejects_negative_duration ... ok
test math::tests::compute_reward_rate_rejects_zero_duration ... ok
test math::tests::earned_errors_on_mul_overflow ... ok
test math::tests::earned_errors_on_u64_cast_overflow ... ok
test math::tests::earned_errors_when_add_rewards_overflows ... ok
test math::tests::earned_includes_accrued_buffer ... ok
test math::tests::earned_rounds_down_toward_vault ... ok
test math::tests::notify_folds_leftover ... ok
test math::tests::notify_fresh_period_sets_rate ... ok
test math::tests::notify_rate_errors_on_final_add_overflow ... ok
test math::tests::notify_rate_errors_on_remaining_mul_overflow ... ok
test math::tests::notify_rate_exactly_at_period_finish ... ok
test math::tests::notify_rate_past_period_finish_no_leftover ... ok
test math::tests::notify_rate_rejects_negative_duration ... ok
test math::tests::notify_rate_rejects_zero_duration ... ok
test math::tests::rate_is_scaled_amount_over_duration ... ok
test math::tests::rpt_accrues_pro_rata ... ok
test math::tests::rpt_does_not_advance_with_zero_stake ... ok
test math::tests::struct_sizes_are_stable ... ok
test test_id ... ok
test update::tests::find_slot_returns_index_for_registered_mint ... ok
test update::tests::find_slot_returns_none_for_unregistered_mint ... ok
test update::tests::find_slot_returns_none_on_empty_pool ... ok
test update::tests::settle_advances_rpt_when_total_staked_positive ... ok
test update::tests::settle_caps_applicable_at_period_finish ... ok
test update::tests::settle_extends_period_finish_on_zero_stake ... ok
test update::tests::settle_no_op_when_applicable_lte_last_update_time ... ok
test update::tests::settle_slot_period_finish_overflow_propagates ... ok
test update::tests::settle_zero_stake_no_roll_when_last_update_gte_now ... ok
test update::tests::settle_slot_propagates_accrue_rpt_overflow_error ... ok
test update::tests::settle_zero_stake_no_roll_when_past_period_finish ... ok
test update::tests::update_reward_no_staker_is_ok ... ok
test update::tests::update_reward_skips_empty_slots_for_staker ... ok
test update::tests::update_reward_skips_empty_slots_global ... ok
test update::tests::update_reward_with_staker_accrues_entries ... ok
test update::tests::update_reward_with_staker_accumulates_accrued ... ok
test update::tests::update_reward_with_staker_propagates_earned_error ... ok

test result: ok. 94 passed; 0 failed; 0 ignored; 0 measured; 0 filtered out; finished in 0.01s

Filename                               Regions    Missed Regions     Cover   Functions  Missed Functions  Executed       Lines      Missed Lines     Cover    Branches   Missed Branches     Cover
--------------------------------------------------------------------------------------------------------------------------------------------------------------------------------------------------
instructions/add_reward.rs                  33                33     0.00%           4                 4     0.00%          13                13     0.00%           0                 0         -
instructions/admin.rs                       38                38     0.00%           5                 5     0.00%          17                17     0.00%           0                 0         -
instructions/claim.rs                      103               103     0.00%           2                 2     0.00%          40                40     0.00%           0                 0         -
instructions/deposit_rewards.rs             60                60     0.00%           5                 5     0.00%          28                28     0.00%           0                 0         -
instructions/emergency_withdraw.rs          41                41     0.00%           2                 2     0.00%          21                21     0.00%           0                 0         -
instructions/initialize_pool.rs             26                26     0.00%           2                 2     0.00%          16                16     0.00%           0                 0         -
instructions/stake.rs                       92                92     0.00%           4                 4     0.00%          51                51     0.00%           0                 0         -
lib.rs                                      63                62     1.59%          14                13     7.14%          42                41     2.38%           0                 0         -
logic.rs                                  1126                 3    99.73%          79                 0   100.00%         697                 0   100.00%           0                 0         -
math.rs                                    285                 8    97.19%          42                 3    92.86%         173                 3    98.27%           0                 0         -
update.rs                                  329                 0   100.00%          24                 0   100.00%         229                 0   100.00%           0                 0         -
--------------------------------------------------------------------------------------------------------------------------------------------------------------------------------------------------
TOTAL                                     2196               466    78.78%         183                40    78.14%        1327               230    82.67%           0                 0         -
